{
  "RSpec": {
    "coverage": {
      "/media/home/repos/practicas/ruby_on_rails_5_bdd_rspec_capybara/blog/config/environment.rb": {
        "lines": [
          null,
          1,
          null,
          null,
          1
        ]
      },
      "/media/home/repos/practicas/ruby_on_rails_5_bdd_rspec_capybara/blog/config/application.rb": {
        "lines": [
          1,
          null,
          1,
          null,
          1,
          1,
          1,
          1,
          1,
          1,
          1,
          1,
          1,
          1,
          1,
          null,
          null,
          null,
          null,
          1,
          null,
          1,
          1,
          null,
          1,
          null,
          null,
          null,
          null,
          null,
          null,
          null,
          null,
          null,
          null,
          1,
          null,
          null
        ]
      },
      "/media/home/repos/practicas/ruby_on_rails_5_bdd_rspec_capybara/blog/config/boot.rb": {
        "lines": [
          1,
          null,
          1,
          1
        ]
      },
      "/media/home/repos/practicas/ruby_on_rails_5_bdd_rspec_capybara/blog/config/environments/test.rb": {
        "lines": [
          1,
          null,
          null,
          null,
          null,
          null,
          null,
          1,
          null,
          1,
          1,
          null,
          null,
          null,
          1,
          1,
          null,
          null,
          null,
          null,
          1,
          null,
          null,
          1,
          1,
          null,
          null,
          null,
          null,
          1,
          1,
          1,
          null,
          null,
          1,
          null,
          null,
          1,
          null,
          null,
          1,
          null,
          1,
          null,
          null,
          null,
          null,
          1,
          null,
          null,
          1,
          null,
          null,
          1,
          null,
          null,
          1,
          null,
          null,
          null,
          null,
          null,
          null,
          null
        ]
      },
      "/media/home/repos/practicas/ruby_on_rails_5_bdd_rspec_capybara/blog/config/initializers/application_controller_renderer.rb": {
        "lines": [
          null,
          null,
          null,
          null,
          null,
          null,
          null,
          null
        ]
      },
      "/media/home/repos/practicas/ruby_on_rails_5_bdd_rspec_capybara/blog/config/initializers/assets.rb": {
        "lines": [
          null,
          null,
          null,
          1,
          null,
          null,
          null,
          null,
          1,
          null,
          null,
          null,
          null,
          null
        ]
      },
      "/media/home/repos/practicas/ruby_on_rails_5_bdd_rspec_capybara/blog/config/initializers/backtrace_silencers.rb": {
        "lines": [
          null,
          null,
          null,
          null,
          null,
          null,
          null,
          1
        ]
      },
      "/media/home/repos/practicas/ruby_on_rails_5_bdd_rspec_capybara/blog/config/initializers/content_security_policy.rb": {
        "lines": [
          null,
          null,
          null,
          null,
          null,
          null,
          null,
          null,
          null,
          null,
          null,
          null,
          null,
          null,
          null,
          null,
          null,
          null,
          null,
          null,
          null,
          null,
          null,
          null,
          null,
          null,
          null,
          null,
          null,
          null
        ]
      },
      "/media/home/repos/practicas/ruby_on_rails_5_bdd_rspec_capybara/blog/config/initializers/cookies_serializer.rb": {
        "lines": [
          null,
          null,
          null,
          null,
          1
        ]
      },
      "/media/home/repos/practicas/ruby_on_rails_5_bdd_rspec_capybara/blog/config/initializers/devise.rb": {
        "lines": [
          null,
          null,
          null,
          null,
          null,
          null,
          null,
          null,
          null,
          null,
          1,
          null,
          null,
          null,
          null,
          null,
          null,
          null,
          null,
          null,
          null,
          null,
          null,
          null,
          null,
          null,
          1,
          null,
          null,
          null,
          null,
          null,
          null,
          null,
          null,
          null,
          null,
          null,
          1,
          null,
          null,
          null,
          null,
          null,
          null,
          null,
          null,
          null,
          null,
          null,
          null,
          null,
          null,
          null,
          null,
          null,
          null,
          null,
          null,
          null,
          1,
          null,
          null,
          null,
          null,
          1,
          null,
          null,
          null,
          null,
          null,
          null,
          null,
          null,
          null,
          null,
          null,
          null,
          null,
          null,
          null,
          null,
          null,
          null,
          null,
          null,
          null,
          null,
          null,
          null,
          null,
          null,
          null,
          null,
          null,
          null,
          null,
          null,
          null,
          1,
          null,
          null,
          null,
          null,
          null,
          null,
          null,
          null,
          null,
          null,
          null,
          null,
          null,
          null,
          null,
          null,
          null,
          null,
          null,
          null,
          null,
          null,
          null,
          null,
          null,
          1,
          null,
          null,
          null,
          null,
          null,
          null,
          null,
          null,
          null,
          null,
          null,
          null,
          null,
          null,
          null,
          null,
          null,
          null,
          null,
          null,
          null,
          null,
          null,
          null,
          null,
          null,
          null,
          null,
          null,
          null,
          null,
          null,
          null,
          1,
          null,
          null,
          null,
          null,
          null,
          null,
          null,
          null,
          null,
          1,
          null,
          null,
          null,
          null,
          null,
          null,
          null,
          null,
          null,
          null,
          1,
          null,
          null,
          null,
          null,
          1,
          null,
          null,
          null,
          null,
          null,
          null,
          null,
          null,
          null,
          null,
          null,
          null,
          null,
          null,
          null,
          null,
          null,
          null,
          null,
          null,
          null,
          null,
          null,
          null,
          null,
          null,
          null,
          null,
          null,
          null,
          null,
          null,
          null,
          null,
          null,
          null,
          null,
          null,
          null,
          null,
          1,
          null,
          null,
          null,
          null,
          null,
          null,
          null,
          null,
          null,
          null,
          null,
          null,
          null,
          null,
          null,
          null,
          null,
          null,
          null,
          null,
          null,
          null,
          null,
          null,
          null,
          null,
          null,
          null,
          null,
          null,
          null,
          null,
          null,
          null,
          null,
          null,
          null,
          null,
          null,
          null,
          null,
          1,
          null,
          null,
          null,
          null,
          null,
          null,
          null,
          null,
          null,
          null,
          null,
          null,
          null,
          null,
          null,
          null,
          null,
          null,
          null,
          null,
          null,
          null,
          null,
          null,
          null,
          null,
          null,
          null,
          null,
          null,
          null,
          null,
          null,
          null,
          null,
          1,
          1,
          null,
          null,
          null,
          null,
          null,
          null,
          null
        ]
      },
      "/media/home/repos/practicas/ruby_on_rails_5_bdd_rspec_capybara/blog/config/initializers/filter_parameter_logging.rb": {
        "lines": [
          null,
          null,
          null,
          1,
          null,
          null
        ]
      },
      "/media/home/repos/practicas/ruby_on_rails_5_bdd_rspec_capybara/blog/config/initializers/inflections.rb": {
        "lines": [
          null,
          null,
          null,
          null,
          null,
          null,
          null,
          null,
          null,
          null,
          null,
          null,
          null,
          null,
          null,
          null
        ]
      },
      "/media/home/repos/practicas/ruby_on_rails_5_bdd_rspec_capybara/blog/config/initializers/mime_types.rb": {
        "lines": [
          null,
          null,
          null,
          null
        ]
      },
      "/media/home/repos/practicas/ruby_on_rails_5_bdd_rspec_capybara/blog/config/initializers/permissions_policy.rb": {
        "lines": [
          null,
          null,
          null,
          null,
          null,
          null,
          null,
          null,
          null,
          null,
          null
        ]
      },
      "/media/home/repos/practicas/ruby_on_rails_5_bdd_rspec_capybara/blog/config/initializers/wrap_parameters.rb": {
        "lines": [
          null,
          null,
          null,
          null,
          null,
          null,
          1,
          2,
          null,
          null,
          null,
          null,
          null,
          null
        ]
      },
      "/media/home/repos/practicas/ruby_on_rails_5_bdd_rspec_capybara/blog/spec/factories/articles.rb": {
        "lines": [
          1,
          1,
          1,
          1,
          null,
          null
        ]
      },
      "/media/home/repos/practicas/ruby_on_rails_5_bdd_rspec_capybara/blog/spec/factories/users.rb": {
        "lines": [
          1,
          1,
          null,
          null,
          null
        ]
      },
      "/media/home/repos/practicas/ruby_on_rails_5_bdd_rspec_capybara/blog/config/routes.rb": {
        "lines": [
          1,
          1,
          null,
          null,
          null,
          null,
          1,
          null,
          null,
          1,
          null,
          1,
          null
        ]
      },
      "/media/home/repos/practicas/ruby_on_rails_5_bdd_rspec_capybara/blog/app/models/user.rb": {
        "lines": [
          1,
          null,
          null,
          1,
          null,
          null
        ]
      },
      "/media/home/repos/practicas/ruby_on_rails_5_bdd_rspec_capybara/blog/app/models/application_record.rb": {
        "lines": [
          1,
          1,
          null
        ]
      },
      "/media/home/repos/practicas/ruby_on_rails_5_bdd_rspec_capybara/blog/app/helpers/application_helper.rb": {
        "lines": [
          1,
          null
        ]
      },
      "/media/home/repos/practicas/ruby_on_rails_5_bdd_rspec_capybara/blog/app/helpers/articles_helper.rb": {
        "lines": [
          1,
          null
        ]
      },
      "/media/home/repos/practicas/ruby_on_rails_5_bdd_rspec_capybara/blog/spec/support/shoulda_matchers.rb": {
        "lines": [
          null,
          1,
          1,
          1,
          1,
          null,
          null
        ]
      },
      "/media/home/repos/practicas/ruby_on_rails_5_bdd_rspec_capybara/blog/spec/support/factorybot.rb": {
        "lines": [
          null,
          null,
          1,
          null,
          1,
          null
        ]
      },
      "/media/home/repos/practicas/ruby_on_rails_5_bdd_rspec_capybara/blog/spec/support/database_cleaner.rb": {
        "lines": [
          null,
          null,
          1,
          1,
          1,
          1,
          null,
          null,
          1,
          11,
          null,
          null,
          1,
          11,
          null,
          null
        ]
      },
      "/media/home/repos/practicas/ruby_on_rails_5_bdd_rspec_capybara/blog/spec/support/devise.rb": {
        "lines": [
          null,
          null,
          1,
          1,
          1,
          null
        ]
      },
      "/media/home/repos/practicas/ruby_on_rails_5_bdd_rspec_capybara/blog/spec/features/delete_article_spec.rb": {
        "lines": [
          1,
          1,
          1,
          null,
          1,
          1,
          1,
          1,
          1,
          null,
          null,
          1,
          1,
          null,
          1,
          1,
          null,
          1,
          1,
          null,
          null
        ]
      },
      "/media/home/repos/practicas/ruby_on_rails_5_bdd_rspec_capybara/blog/spec/features/editing_article_spec.rb": {
        "lines": [
          1,
          1,
          1,
          null,
          1,
          1,
          2,
          2,
          2,
          null,
          null,
          1,
          1,
          null,
          1,
          1,
          null,
          1,
          1,
          1,
          null,
          1,
          1,
          null,
          null,
          1,
          1,
          null,
          1,
          1,
          null,
          1,
          1,
          1,
          null,
          1,
          1,
          null,
          null
        ]
      },
      "/media/home/repos/practicas/ruby_on_rails_5_bdd_rspec_capybara/blog/spec/features/listing_articles_spec.rb": {
        "lines": [
          1,
          1,
          null,
          1,
          1,
          2,
          2,
          null,
          null,
          1,
          1,
          null,
          1,
          1,
          1,
          1,
          1,
          1,
          null,
          null,
          1,
          1,
          null,
          1,
          null,
          1,
          1,
          1,
          1,
          1,
          1,
          null,
          1,
          1,
          null,
          null,
          null
        ]
      },
      "/media/home/repos/practicas/ruby_on_rails_5_bdd_rspec_capybara/blog/spec/features/show_article_spec.rb": {
        "lines": [
          1,
          1,
          null,
          1,
          1,
          1,
          null,
          null,
          1,
          1,
          1,
          null,
          1,
          1,
          1,
          null,
          null
        ]
      },
      "/media/home/repos/practicas/ruby_on_rails_5_bdd_rspec_capybara/blog/spec/features/sign_up_users_spec.rb": {
        "lines": [
          1,
          1,
          null,
          1,
          1,
          1,
          1,
          1,
          1,
          1,
          1,
          null,
          1,
          null,
          null,
          1,
          1,
          1,
          1,
          1,
          1,
          1,
          null,
          1,
          null,
          null
        ]
      },
      "/media/home/repos/practicas/ruby_on_rails_5_bdd_rspec_capybara/blog/spec/features/signin_users_spec.rb": {
        "lines": [
          1,
          1,
          null,
          1,
          1,
          1,
          null,
          null,
          1,
          1,
          1,
          1,
          1,
          1,
          null,
          1,
          1,
          1,
          1,
          null,
          null
        ]
      },
      "/media/home/repos/practicas/ruby_on_rails_5_bdd_rspec_capybara/blog/app/controllers/articles_controller.rb": {
        "lines": [
          1,
          1,
          1,
          null,
          1,
          15,
          null,
          null,
          1,
          2,
          null,
          null,
          1,
          null,
          null,
          1,
          null,
          null,
          1,
          2,
          2,
          1,
          null,
          1,
          1,
          null,
          null,
          null,
          1,
          2,
          1,
          null,
          1,
          1,
          null,
          null,
          null,
          1,
          1,
          1,
          null,
          null,
          1,
          null,
          1,
          0,
          0,
          null,
          null,
          1,
          null,
          1,
          10,
          null,
          null,
          1,
          4,
          null,
          null
        ]
      },
      "/media/home/repos/practicas/ruby_on_rails_5_bdd_rspec_capybara/blog/app/controllers/application_controller.rb": {
        "lines": [
          1,
          null,
          1,
          null,
          1,
          null,
          1,
          null,
          null
        ]
      },
      "/media/home/repos/practicas/ruby_on_rails_5_bdd_rspec_capybara/blog/app/models/article.rb": {
        "lines": [
          1,
          1,
          1,
          null,
          39,
          null
        ]
      },
      "/media/home/repos/practicas/ruby_on_rails_5_bdd_rspec_capybara/blog/app/controllers/users/registrations_controller.rb": {
        "lines": [
          null,
          null,
          1,
          null,
          null,
          null,
          null,
          null,
          null,
          null,
          null,
          null,
          null,
          null,
          null,
          null,
          null,
          null,
          null,
          null,
          null,
          null,
          null,
          null,
          null,
          null,
          null,
          null,
          null,
          null,
          null,
          null,
          null,
          null,
          null,
          null,
          null,
          null,
          null,
          null,
          null,
          null,
          null,
          null,
          null,
          null,
          null,
          null,
          null,
          null,
          null,
          null,
          null,
          null,
          null,
          null,
          null,
          null,
          null,
          null,
          null,
          null
        ]
      },
      "/media/home/repos/practicas/ruby_on_rails_5_bdd_rspec_capybara/blog/app/controllers/users/sessions_controller.rb": {
        "lines": [
          null,
          null,
          1,
          null,
          null,
          null,
          null,
          null,
          null,
          null,
          null,
          null,
          null,
          null,
          null,
          null,
          null,
          null,
          null,
          null,
          null,
          null,
          null,
          null,
          null,
          null,
          null
        ]
      }
    },
    "timestamp": 1692018621
  }
}
